<?xml version="1.0" encoding="UTF-8"?>
<!-- Generated by org.testng.reporters.JUnitReportReporter -->
<testsuite skipped="0" hostname="VENKAT" name="myDemos.MyTest" tests="1" failures="0" timestamp="2020-04-06T06:06:42 IST" time="50.117" errors="0">
  <testcase name="Search" time="50.117" classname="myDemos.MyTest"/>
  <system-out>
Ebay Search Test is Successfull..  </system-out>
</testsuite> <!-- myDemos.MyTest -->
