<?xml version="1.0" encoding="UTF-8"?>
<!-- Generated by org.testng.reporters.JUnitReportReporter -->
<testsuite skipped="0" hostname="VENKAT" name="keywordDrivenFrameworkDemos.MyTest" tests="1" failures="0" timestamp="2020-04-24T19:50:54 IST" time="48.282" errors="0">
  <testcase name="SampleTest" time="48.282" classname="keywordDrivenFrameworkDemos.MyTest"/>
  <system-out/>
</testsuite> <!-- keywordDrivenFrameworkDemos.MyTest -->
