<?xml version="1.0" encoding="UTF-8"?>
<!-- Generated by org.testng.reporters.JUnitReportReporter -->
<testsuite skipped="0" hostname="VENKAT" name="pomTests.AmazonLoginTest" tests="1" failures="0" timestamp="2020-04-23T05:32:32 IST" time="43.689" errors="0">
  <testcase name="Login" time="43.689" classname="pomTests.AmazonLoginTest"/>
  <system-out>
Amazon Login Test is Successfull...  </system-out>
</testsuite> <!-- pomTests.AmazonLoginTest -->
