<?xml version="1.0" encoding="UTF-8"?>
<!-- Generated by org.testng.reporters.JUnitReportReporter -->
<testsuite skipped="0" hostname="VENKAT" name="hybridFrameworkDemos.HybridProdCatSearchTest" tests="2" failures="0" timestamp="2020-04-21T06:00:04 IST" time="130.829" errors="0">
  <testcase name="Search" time="39.976" classname="hybridFrameworkDemos.HybridProdCatSearchTest"/>
  <system-out>
'Selenium' Product Search in 'Books' Category Test is Successfull..  </system-out>
  <testcase name="Search" time="90.853" classname="hybridFrameworkDemos.HybridProdCatSearchTest"/>
  <system-out>
'English' Product Search in 'Music' Category Test is Successfull..  </system-out>
</testsuite> <!-- hybridFrameworkDemos.HybridProdCatSearchTest -->
