<?xml version="1.0" encoding="UTF-8"?>
<!-- Generated by org.testng.reporters.JUnitReportReporter -->
<testsuite skipped="0" hostname="VENKAT" name="pomTests.EbayProdCatSearchTest" tests="1" failures="0" timestamp="2020-04-07T05:43:08 IST" time="42.419" errors="0">
  <testcase name="CatSearch" time="42.419" classname="pomTests.EbayProdCatSearchTest"/>
  <system-out>
Ebay Product Search Test is Successfull...  </system-out>
</testsuite> <!-- pomTests.EbayProdCatSearchTest -->
