<?xml version="1.0" encoding="UTF-8"?>
<!-- Generated by org.testng.reporters.JUnitReportReporter -->
<testsuite skipped="0" hostname="VENKAT" name="dataDrivenFrameworkDemos.DDFProdSearchTest" tests="2" failures="0" timestamp="2020-04-09T05:47:22 IST" time="74.191" errors="0">
  <testcase name="Search" time="37.489" classname="dataDrivenFrameworkDemos.DDFProdSearchTest"/>
  <system-out>
'Selenium' Product Search Test is Successfull..  </system-out>
  <testcase name="Search" time="36.702" classname="dataDrivenFrameworkDemos.DDFProdSearchTest"/>
  <system-out>
'English' Product Search Test is Successfull..  </system-out>
</testsuite> <!-- dataDrivenFrameworkDemos.DDFProdSearchTest -->
