<?xml version="1.0" encoding="UTF-8"?>
<!-- Generated by org.testng.reporters.JUnitReportReporter -->
<testsuite skipped="0" hostname="VENKAT" name="dataDrivenFrameworkDemos.DDFProdCatSearchTest" tests="2" failures="0" timestamp="2020-04-09T05:51:29 IST" time="75.078" errors="0">
  <testcase name="Search" time="25.682" classname="dataDrivenFrameworkDemos.DDFProdCatSearchTest"/>
  <system-out>
'Selenium' Product Search in 'Books' Category Test is Successfull..  </system-out>
  <testcase name="Search" time="49.396" classname="dataDrivenFrameworkDemos.DDFProdCatSearchTest"/>
  <system-out>
'English' Product Search in 'Music' Category Test is Successfull..  </system-out>
</testsuite> <!-- dataDrivenFrameworkDemos.DDFProdCatSearchTest -->
