<?xml version="1.0" encoding="UTF-8"?>
<!-- Generated by org.testng.reporters.JUnitReportReporter -->
<testsuite skipped="0" hostname="VENKAT" name="pomTests.PomEbayProdSearchTest" tests="1" failures="0" timestamp="2020-04-21T05:39:15 IST" time="33.554" errors="0">
  <testcase name="Search" time="33.554" classname="pomTests.PomEbayProdSearchTest"/>
  <system-out>
Ebay Product Search Test is Successfull...  </system-out>
</testsuite> <!-- pomTests.PomEbayProdSearchTest -->
