<?xml version="1.0" encoding="UTF-8"?>
<!-- Generated by org.testng.reporters.JUnitReportReporter -->
<testsuite skipped="0" hostname="VENKAT" name="pomTests.PomAmazonSearchTest" tests="1" failures="0" timestamp="2020-04-23T05:48:54 IST" time="48.895" errors="0">
  <testcase name="Search" time="48.895" classname="pomTests.PomAmazonSearchTest"/>
  <system-out>
Amazon Search Test is Successfull...  </system-out>
</testsuite> <!-- pomTests.PomAmazonSearchTest -->
