<?xml version="1.0" encoding="UTF-8"?>
<!-- Generated by org.testng.reporters.JUnitReportReporter -->
<testsuite skipped="0" hostname="VENKAT" name="dataDrivenFrameworkDemos.DDFUsingDB" tests="2" failures="0" timestamp="2020-05-06T19:41:39 IST" time="132.803" errors="0">
  <testcase name="Search" time="78.758" classname="dataDrivenFrameworkDemos.DDFUsingDB"/>
  <system-out>
'English' Product Search in 'Music' Category Test is Successfull..  </system-out>
  <testcase name="Search" time="54.045" classname="dataDrivenFrameworkDemos.DDFUsingDB"/>
  <system-out>
'Selenium' Product Search in 'Books' Category Test is Successfull..  </system-out>
</testsuite> <!-- dataDrivenFrameworkDemos.DDFUsingDB -->
