<?xml version="1.0" encoding="UTF-8"?>
<!-- Generated by org.testng.reporters.JUnitReportReporter -->
<testsuite skipped="0" hostname="VENKAT" name="pomTests.EbayProdSearchTest" tests="1" failures="0" timestamp="2020-04-07T05:39:19 IST" time="43.534" errors="0">
  <testcase name="Search" time="43.534" classname="pomTests.EbayProdSearchTest"/>
  <system-out>
Ebay Product Search Test is Successfull...  </system-out>
</testsuite> <!-- pomTests.EbayProdSearchTest -->
