<?xml version="1.0" encoding="UTF-8"?>
<!-- Generated by org.testng.reporters.JUnitReportReporter -->
<testsuite skipped="0" hostname="VENKAT" name="pomTests.PomEbayProdCatSearchTest" tests="1" failures="0" timestamp="2020-04-21T05:41:23 IST" time="40.286" errors="0">
  <testcase name="CatSearch" time="40.286" classname="pomTests.PomEbayProdCatSearchTest"/>
  <system-out>
Ebay Product Search in a Category Test is Successfull...  </system-out>
</testsuite> <!-- pomTests.PomEbayProdCatSearchTest -->
